
 Ansys Mechanical Enterprise Academic Student      


 *------------------------------------------------------------------*
 |                                                                  |
 |   W E L C O M E   T O   T H E   A N S Y S (R)  P R O G R A M     |
 |                                                                  |
 *------------------------------------------------------------------*




 ***************************************************************
 *         ANSYS MAPDL 2023 R2          LEGAL NOTICES          *
 ***************************************************************
 *                                                             *
 * Copyright 1971-2023 Ansys, Inc.  All rights reserved.       *
 * Unauthorized use, distribution or duplication is            *
 * prohibited.                                                 *
 *                                                             *
 * Ansys is a registered trademark of Ansys, Inc. or its       *
 * subsidiaries in the United States or other countries.       *
 * See the Ansys, Inc. online documentation or the Ansys, Inc. *
 * documentation CD or online help for the complete Legal      *
 * Notice.                                                     *
 *                                                             *
 ***************************************************************
 *                                                             *
 * THIS ANSYS SOFTWARE PRODUCT AND PROGRAM DOCUMENTATION       *
 * INCLUDE TRADE SECRETS AND CONFIDENTIAL AND PROPRIETARY      *
 * PRODUCTS OF ANSYS, INC., ITS SUBSIDIARIES, OR LICENSORS.    *
 * The software products and documentation are furnished by    *
 * Ansys, Inc. or its subsidiaries under a software license    *
 * agreement that contains provisions concerning               *
 * non-disclosure, copying, length and nature of use,          *
 * compliance with exporting laws, warranties, disclaimers,    *
 * limitations of liability, and remedies, and other           *
 * provisions.  The software products and documentation may be *
 * used, disclosed, transferred, or copied only in accordance  *
 * with the terms and conditions of that software license      *
 * agreement.                                                  *
 *                                                             *
 * Ansys, Inc. is a UL registered                              *
 * ISO 9001:2015 company.                                      *
 *                                                             *
 ***************************************************************
 *                                                             *
 * This product is subject to U.S. laws governing export and   *
 * re-export.                                                  *
 *                                                             *
 * For U.S. Government users, except as specifically granted   *
 * by the Ansys, Inc. software license agreement, the use,     *
 * duplication, or disclosure by the United States Government  *
 * is subject to restrictions stated in the Ansys, Inc.        *
 * software license agreement and FAR 12.212 (for non-DOD      *
 * licenses).                                                  *
 *                                                             *
 ***************************************************************

 2023 R2 
     
 Point Releases and Patches installed:   
     
 Discovery 2023 R2   
 Autodyn 2023 R2 
 SpaceClaim 2023 R2  
 CFX (includes CFD-Post) 2023 R2 
 Chemkin 2023 R2 
 EnSight 2023 R2 
 FENSAP-ICE 2023 R2  
 Fluent (includes CFD-Post) 2023 R2  
 Polyflow (includes CFD-Post) 2023 R2
 Forte (includes EnSight) 2023 R2
 TurboGrid 2023 R2   
 Motion 2023 R2  
 Aqwa 2023 R2
 Speos 2023 R2   
 Mechanical Products 2023 R2 
 Material Calibration App 2023 R2
 ACIS Geometry Interface 2023 R2 
 AutoCAD Geometry Interface 2023 R2  
 Catia, Version 4 Geometry Interface 2023 R2 
 Catia, Version 5 Geometry Interface 2023 R2 
 Catia, Version 6 Geometry Interface 2023 R2 
 Creo Elements/Direct Modeling Geometry Interface 2023 R2
 Creo Parametric Geometry Interface 2023 R2  
 Inventor Geometry Interface 2023 R2 
 JTOpen Geometry Interface 2023 R2   
 NX Geometry Interface 2023 R2   
 Parasolid Geometry Interface  2023 R2   
 Solid Edge Geometry Interface 2023 R2   
 SOLIDWORKS Geometry Interface 2023 R2   
 Academic Student 2023 R2


          *****  MAPDL COMMAND LINE ARGUMENTS  *****
  BATCH MODE REQUESTED (-b)    = NOLIST
  INPUT FILE COPY MODE (-c)    = COPY
  DISTRIBUTED MEMORY PARALLEL REQUESTED
       2 PARALLEL PROCESSES REQUESTED WITH SINGLE THREAD PER PROCESS
    TOTAL OF     2 CORES REQUESTED
  INPUT FILE NAME              = C:\Users\30697\Desktop\DA_ANSYS\_ProjectScratch\Scr4502\dummy.dat
  OUTPUT FILE NAME             = C:\Users\30697\Desktop\DA_ANSYS\_ProjectScratch\Scr4502\solve.out
  START-UP FILE MODE           = NOREAD
  STOP FILE MODE               = NOREAD

 RELEASE= 2023 R2              BUILD= 23.2      UP20230531   VERSION=WINDOWS x64 
 CURRENT JOBNAME=file0  01:43:49  NOV 29, 2023 CP=      0.094


 PARAMETER _DS_PROGRESS =     999.0000000    

 /INPUT FILE= ds.dat  LINE=       0



 *** NOTE ***                            CP =       0.156   TIME= 01:43:50
 The /CONFIG,NOELDB command is not valid in a distributed memory         
 parallel solution.  Command is ignored.                                 

 *GET  _WALLSTRT  FROM  ACTI  ITEM=TIME WALL  VALUE=  1.73055556    

 TITLE= 
 project1--Static Structural (C5)                                              

  ACT Extensions:
      LSDYNA, 2023.2
      5f463412-bd3e-484b-87e7-cbc0a665e474, wbex
 /COM,     ANSYSMotion, 2023.2
      20180725-3f81-49eb-9f31-41364844c769, wbex
  

 SET PARAMETER DIMENSIONS ON  _WB_PROJECTSCRATCH_DIR
  TYPE=STRI  DIMENSIONS=      248        1        1

 PARAMETER _WB_PROJECTSCRATCH_DIR(1) = C:\Users\30697\Desktop\DA_ANSYS\_ProjectScratch\Scr4502\

 SET PARAMETER DIMENSIONS ON  _WB_SOLVERFILES_DIR
  TYPE=STRI  DIMENSIONS=      248        1        1

 PARAMETER _WB_SOLVERFILES_DIR(1) = C:\Users\30697\Desktop\DA_ANSYS\project1_files\dp0\SYS\MECH\

 SET PARAMETER DIMENSIONS ON  _WB_USERFILES_DIR
  TYPE=STRI  DIMENSIONS=      248        1        1

 PARAMETER _WB_USERFILES_DIR(1) = C:\Users\30697\Desktop\DA_ANSYS\project1_files\user_files\
 --- Data in consistent MKS units. See Solving Units in the help system for more

 MKS UNITS SPECIFIED FOR INTERNAL    
  LENGTH        (l)  = METER (M)
  MASS          (M)  = KILOGRAM (KG)
  TIME          (t)  = SECOND (SEC)
  TEMPERATURE   (T)  = CELSIUS (C)
  TOFFSET            = 273.0
  CHARGE        (Q)  = COULOMB
  FORCE         (f)  = NEWTON (N) (KG-M/SEC2)
  HEAT               = JOULE (N-M)

  PRESSURE           = PASCAL (NEWTON/M**2)
  ENERGY        (W)  = JOULE (N-M)
  POWER         (P)  = WATT (N-M/SEC)
  CURRENT       (i)  = AMPERE (COULOMBS/SEC)
  CAPACITANCE   (C)  = FARAD
  INDUCTANCE    (L)  = HENRY
  MAGNETIC FLUX      = WEBER
  RESISTANCE    (R)  = OHM
  ELECTRIC POTENTIAL = VOLT

 INPUT  UNITS ARE ALSO SET TO MKS 

 *** MAPDL - ENGINEERING ANALYSIS SYSTEM  RELEASE 2023 R2          23.2     ***
 Ansys Mechanical Enterprise Academic Student      
 01055371  VERSION=WINDOWS x64   01:43:50  NOV 29, 2023 CP=      0.172

 project1--Static Structural (C5)                                              



          ***** MAPDL ANALYSIS DEFINITION (PREP7) *****
 *********** Nodes for the whole assembly ***********
 *********** Elements for Body 1 "Surface Body" ***********
 *********** Send User Defined Coordinate System(s) ***********
 *********** Set Reference Temperature ***********
 *********** Send Materials ***********
 *********** Send Sheet Properties ***********
 *********** Create Imported Thickness "Imported Thickness" ***********
 *********** Fixed Supports ***********
 *********** Define Surface Elements for Imported Load "Imported Pressure" *****


 ***** ROUTINE COMPLETED *****  CP =         0.703


 --- Number of total nodes = 10201
 --- Number of contact elements = 0
 --- Number of spring elements = 0
 --- Number of bearing elements = 0
 --- Number of solid elements = 10000
 --- Number of condensed parts = 0
 --- Number of total elements = 20000

 *GET  _WALLBSOL  FROM  ACTI  ITEM=TIME WALL  VALUE=  1.73055556    
 ****************************************************************************
 *************************    SOLUTION       ********************************
 ****************************************************************************

 *****  MAPDL SOLUTION ROUTINE  *****


 PERFORM A STATIC ANALYSIS
  THIS WILL BE A NEW ANALYSIS

 PARAMETER _THICKRATIO =     0.000000000    

 USE SPARSE MATRIX DIRECT SOLVER

 CONTACT INFORMATION PRINTOUT LEVEL       1

 DO NOT COMBINE ELEMENT MATRIX FILES (.emat) AFTER DISTRIBUTED PARALLEL SOLUTION

 DO NOT COMBINE ELEMENT SAVE DATA FILES (.esav) AFTER DISTRIBUTED PARALLEL SOLUTION

 NLDIAG: Nonlinear diagnostics CONT option is set to ON. 
         Writing frequency : each ITERATION.

 DO NOT SAVE ANY RESTART FILES AT ALL
 ****************************************************
 ******************* SOLVE FOR LS 1 OF 1 ****************
 *********** Create Imported Load "Imported Pressure" ***********

 PRINTOUT RESUMED BY /GOP

 USE       1 SUBSTEPS INITIALLY THIS LOAD STEP FOR ALL  DEGREES OF FREEDOM
 FOR AUTOMATIC TIME STEPPING:
   USE      1 SUBSTEPS AS A MAXIMUM
   USE      1 SUBSTEPS AS A MINIMUM

 TIME=  1.0000    

 ERASE THE CURRENT DATABASE OUTPUT CONTROL TABLE.


 WRITE ALL  ITEMS TO THE DATABASE WITH A FREQUENCY OF NONE
   FOR ALL APPLICABLE ENTITIES

 WRITE NSOL ITEMS TO THE DATABASE WITH A FREQUENCY OF ALL 
   FOR ALL APPLICABLE ENTITIES

 WRITE RSOL ITEMS TO THE DATABASE WITH A FREQUENCY OF ALL 
   FOR ALL APPLICABLE ENTITIES

 WRITE EANG ITEMS TO THE DATABASE WITH A FREQUENCY OF ALL 
   FOR ALL APPLICABLE ENTITIES

 WRITE ETMP ITEMS TO THE DATABASE WITH A FREQUENCY OF ALL 
   FOR ALL APPLICABLE ENTITIES

 WRITE VENG ITEMS TO THE DATABASE WITH A FREQUENCY OF ALL 
   FOR ALL APPLICABLE ENTITIES

 WRITE STRS ITEMS TO THE DATABASE WITH A FREQUENCY OF ALL 
   FOR ALL APPLICABLE ENTITIES

 WRITE EPEL ITEMS TO THE DATABASE WITH A FREQUENCY OF ALL 
   FOR ALL APPLICABLE ENTITIES

 WRITE EPPL ITEMS TO THE DATABASE WITH A FREQUENCY OF ALL 
   FOR ALL APPLICABLE ENTITIES

 WRITE CONT ITEMS TO THE DATABASE WITH A FREQUENCY OF ALL 
   FOR ALL APPLICABLE ENTITIES

 *GET  ANSINTER_  FROM  ACTI  ITEM=INT        VALUE=  0.00000000    

 *IF  ANSINTER_                         ( =   0.00000     )  NE  
      0                                 ( =   0.00000     )  THEN    

 *ENDIF

 *** NOTE ***                            CP =       1.672   TIME= 01:43:51
 The automatic domain decomposition logic has selected the MESH domain   
 decomposition method with 2 processes per solution.                     

 *****  MAPDL SOLVE    COMMAND  *****

 *** WARNING ***                         CP =       1.672   TIME= 01:43:51
 Element shape checking is currently inactive.  Issue SHPP,ON or         
 SHPP,WARN to reactivate, if desired.                                    

 *** NOTE ***                            CP =       1.734   TIME= 01:43:51
 The model data was checked and warning messages were found.             
  Please review output or errors file (                                  
 C:\Users\30697\Desktop\DA_ANSYS\_ProjectScratch\Scr4502\file0.err )     
 for these warning messages.                                             

 *** SELECTION OF ELEMENT TECHNOLOGIES FOR APPLICABLE ELEMENTS ***
      --- GIVE SUGGESTIONS AND RESET THE KEY OPTIONS ---

 ELEMENT TYPE         1 IS SHELL181. IT IS ASSOCIATED WITH ELASTOPLASTIC 
 MATERIALS ONLY. KEYOPT(8)=2 IS SUGGESTED AND KEYOPT(3)=2 IS SUGGESTED FOR
 HIGHER ACCURACY OF MEMBRANE STRESSES; OTHERWISE, KEYOPT(3)=0 IS SUGGESTED. 
 KEYOPT(8) HAS BEEN RESET BUT KEYOPT(3) CAN NOT BE RESET HERE. PLEASE RESET 
 IT MANUALLY IF NECESSARY.
  KEYOPT(1-12)=    0    0    2    0    0    0    0    2    0    0    0    0



 *** MAPDL - ENGINEERING ANALYSIS SYSTEM  RELEASE 2023 R2          23.2     ***
 Ansys Mechanical Enterprise Academic Student      
 01055371  VERSION=WINDOWS x64   01:43:51  NOV 29, 2023 CP=      1.766

 project1--Static Structural (C5)                                              



                       S O L U T I O N   O P T I O N S

   PROBLEM DIMENSIONALITY. . . . . . . . . . . . .3-D                  
   DEGREES OF FREEDOM. . . . . . UX   UY   UZ   ROTX ROTY ROTZ
   ANALYSIS TYPE . . . . . . . . . . . . . . . . .STATIC (STEADY-STATE)
   OFFSET TEMPERATURE FROM ABSOLUTE ZERO . . . . .  273.15    
   EQUATION SOLVER OPTION. . . . . . . . . . . . .SPARSE             
   GLOBALLY ASSEMBLED MATRIX . . . . . . . . . . .SYMMETRIC  

 *** WARNING ***                         CP =       1.797   TIME= 01:43:51
 Material number 3 (used by element 10001) should normally have at least 
 one MP or one TB type command associated with it.  Output of energy by  
 material may not be available.                                          

 *** NOTE ***                            CP =       1.828   TIME= 01:43:51
 The step data was checked and warning messages were found.              
  Please review output or errors file (                                  
 C:\Users\30697\Desktop\DA_ANSYS\_ProjectScratch\Scr4502\file0.err )     
 for these warning messages.                                             

 *** NOTE ***                            CP =       1.828   TIME= 01:43:51
 The conditions for direct assembly have been met.  No .emat or .erot    
 files will be produced.                                                 

  
  
     D I S T R I B U T E D   D O M A I N   D E C O M P O S E R
  
  ...Number of elements: 20000
  ...Number of nodes:    10201
  ...Decompose to 2 CPU domains
  ...Element load balance ratio =     1.000


                      L O A D   S T E P   O P T I O N S

   LOAD STEP NUMBER. . . . . . . . . . . . . . . .     1
   TIME AT END OF THE LOAD STEP. . . . . . . . . .  1.0000    
   NUMBER OF SUBSTEPS. . . . . . . . . . . . . . .     1
   STEP CHANGE BOUNDARY CONDITIONS . . . . . . . .    NO
   PRINT OUTPUT CONTROLS . . . . . . . . . . . . .NO PRINTOUT
   DATABASE OUTPUT CONTROLS
      ITEM     FREQUENCY   COMPONENT
       ALL       NONE               
      NSOL        ALL               
      RSOL        ALL               
      EANG        ALL               
      ETMP        ALL               
      VENG        ALL               
      STRS        ALL               
      EPEL        ALL               
      EPPL        ALL               
      CONT        ALL               


 SOLUTION MONITORING INFO IS WRITTEN TO FILE= file.mntr                                                                                                                                                                                                                                                           

 *** NOTE ***                            CP =       2.297   TIME= 01:43:51
 Predictor is ON by default for structural elements with rotational      
 degrees of freedom.  Use the PRED,OFF command to turn the predictor     
 OFF if it adversely affects the convergence.                            



                         ***********  PRECISE MASS SUMMARY  ***********

   TOTAL RIGID BODY MASS MATRIX ABOUT ORIGIN
               Translational mass               |   Coupled translational/rotational mass
        0.64262E+06    0.0000        0.0000     |     0.0000        0.0000      -0.32131E+07
         0.0000       0.64262E+06    0.0000     |     0.0000        0.0000       0.26874E+07
         0.0000        0.0000       0.64262E+06 |    0.32131E+07  -0.26874E+07    0.0000    
     ------------------------------------------ | ------------------------------------------
                                                |         Rotational mass (inertia)
                                                |    0.21474E+08  -0.13437E+08    0.0000    
                                                |   -0.13437E+08   0.14831E+08    0.0000    
                                                |     0.0000        0.0000       0.36198E+08

   TOTAL MASS = 0.64262E+06
     The mass principal axes coincide with the global Cartesian axes

   CENTER OF MASS (X,Y,Z)=    4.1820        5.0000        0.0000    

   TOTAL INERTIA ABOUT CENTER OF MASS
        0.54082E+07   0.21896E-01    0.0000    
        0.21896E-01   0.35923E+07    0.0000    
         0.0000        0.0000       0.88944E+07
     The inertia principal axes coincide with the global Cartesian axes


  *** MASS SUMMARY BY ELEMENT TYPE ***

  TYPE      MASS
     1   642615.    

 Range of element maximum matrix coefficients in global coordinates
 Maximum = 1.365513459E+11 at element 1405.                              
 Minimum = 4.061098502E+09 at element 9621.                              

   *** ELEMENT MATRIX FORMULATION TIMES
     TYPE    NUMBER   ENAME      TOTAL CP  AVE CP

        1     10000  SHELL181      1.766   0.000177
        3     10000  SURF154       0.391   0.000039
 Time at end of element matrix formulation CP = 3.453125.                

 DISTRIBUTED SPARSE MATRIX DIRECT SOLVER.
  Number of equations =       60600,    Maximum wavefront =     42

  Process memory allocated for solver              =    93.862 MB
  Process memory required for in-core solution     =    90.118 MB
  Process memory required for out-of-core solution =    42.850 MB

  Total memory allocated for solver                =   187.461 MB
  Total memory required for in-core solution       =   179.981 MB
  Total memory required for out-of-core solution   =    85.517 MB

 *** NOTE ***                            CP =       3.594   TIME= 01:43:52
 The Distributed Sparse Matrix Solver is currently running in the        
 in-core memory mode.  This memory mode uses the most amount of memory   
 in order to avoid using the hard drive as much as possible, which most  
 often results in the fastest solution time.  This mode is recommended   
 if enough physical memory is present to accommodate all of the solver   
 data.                                                                   
 curEqn=  30312  totEqn=  30312 Job CP sec=      3.859
      Factor Done= 100% Factor Wall sec=      0.211 rate=      10.3 GFlops
 Distributed sparse solver maximum pivot= 5.360196622E+11 at node 2201   
 UY.                                                                     
 Distributed sparse solver minimum pivot= 19133.5396 at node 202 ROTZ.   
 Distributed sparse solver minimum pivot in absolute value= 19133.5396   
 at node 202 ROTZ.                                                       

   *** ELEMENT RESULT CALCULATION TIMES
     TYPE    NUMBER   ENAME      TOTAL CP  AVE CP

        1     10000  SHELL181      1.859   0.000186
        3     10000  SURF154       0.312   0.000031

   *** NODAL LOAD CALCULATION TIMES
     TYPE    NUMBER   ENAME      TOTAL CP  AVE CP

        1     10000  SHELL181      0.031   0.000003
        3     10000  SURF154       0.047   0.000005
 *** LOAD STEP     1   SUBSTEP     1  COMPLETED.    CUM ITER =      1
 *** TIME =   1.00000         TIME INC =   1.00000      NEW TRIANG MATRIX


 *** MAPDL BINARY FILE STATISTICS
  BUFFER SIZE USED= 16384
        6.062 MB WRITTEN ON ASSEMBLED MATRIX FILE: file0.full
        5.688 MB WRITTEN ON RESULTS FILE: file0.rst
 *************** Write FE CONNECTORS *********

 WRITE OUT CONSTRAINT EQUATIONS TO FILE= file.ce                                                                                                                                                                                                                                                             
 ****************************************************
 *************** FINISHED SOLVE FOR LS 1 *************

 *GET  _WALLASOL  FROM  ACTI  ITEM=TIME WALL  VALUE=  1.73166667    

 PRINTOUT RESUMED BY /GOP

 FINISH SOLUTION PROCESSING


 ***** ROUTINE COMPLETED *****  CP =         5.516



 *** MAPDL - ENGINEERING ANALYSIS SYSTEM  RELEASE 2023 R2          23.2     ***
 Ansys Mechanical Enterprise Academic Student      
 01055371  VERSION=WINDOWS x64   01:43:54  NOV 29, 2023 CP=      5.516

 project1--Static Structural (C5)                                              



          ***** MAPDL RESULTS INTERPRETATION (POST1) *****

 *** NOTE ***                            CP =       5.516   TIME= 01:43:54
 Reading results into the database (SET command) will update the current 
 displacement and force boundary conditions in the database with the     
 values from the results file for that load set.  Note that any          
 subsequent solutions will use these values unless action is taken to    
 either SAVE the current values or not overwrite them (/EXIT,NOSAVE).    

 Set Encoding of XML File to:ISO-8859-1

 Set Output of XML File to:
     PARM,     ,     ,     ,     ,     ,     ,     ,     ,     ,     ,     ,
         ,     ,     ,     ,     ,     ,     ,

 DATABASE WRITTEN ON FILE  parm.xml                                                                                                                                                                                                                                                            

 EXIT THE MAPDL POST1 DATABASE PROCESSOR


 ***** ROUTINE COMPLETED *****  CP =         5.578



 PRINTOUT RESUMED BY /GOP

 *GET  _WALLDONE  FROM  ACTI  ITEM=TIME WALL  VALUE=  1.73166667    

 PARAMETER _PREPTIME =     0.000000000    

 PARAMETER _SOLVTIME =     4.000000000    

 PARAMETER _POSTTIME =     0.000000000    

 PARAMETER _TOTALTIM =     4.000000000    

 *GET  _DLBRATIO  FROM  ACTI  ITEM=SOLU DLBR  VALUE=  1.00000000    

 *GET  _COMBTIME  FROM  ACTI  ITEM=SOLU COMB  VALUE= 0.996437000E-01

 *GET  _SSMODE   FROM  ACTI  ITEM=SOLU SSMM  VALUE=  2.00000000    

 *GET  _NDOFS    FROM  ACTI  ITEM=SOLU NDOF  VALUE=  60600.0000    

 *GET  _SOL_END_TIME  FROM  ACTI  ITEM=SET  TIME  VALUE=  1.00000000    

 *IF  _sol_end_time                     ( =   1.00000     )  EQ  
      1.000000                          ( =   1.00000     )  THEN    

 /FCLEAN COMMAND REMOVING ALL LOCAL FILES

 *ENDIF
 --- Total number of nodes = 10201
 --- Total number of elements = 20000
 --- Element load balance ratio = 1
 --- Time to combine distributed files = 9.96437E-02
 --- Sparse memory mode = 2
 --- Number of DOF = 60600

 EXIT MAPDL WITHOUT SAVING DATABASE


 NUMBER OF WARNING MESSAGES ENCOUNTERED=          2
 NUMBER OF ERROR   MESSAGES ENCOUNTERED=          0

+--------------------- M A P D L   S T A T I S T I C S ------------------------+

Release: 2023 R2            Build: 23.2       Update: UP20230531   Platform: WINDOWS x64 
Date Run: 11/29/2023   Time: 01:43     Process ID: 13960
Operating System: Windows 10  (Build: 19045)

Processor Model: Intel(R) Core(TM) i7-7500U CPU @ 2.70GHz

Compiler: Intel(R) Fortran Compiler Version 19.0.5  (Build: 20190815)
          Intel(R) C/C++ Compiler Version 19.0.5  (Build: 20190815)
          Intel(R) Math Kernel Library Version 2020.0.0 Product Build 20191125
          BLAS Library supplied by Intel(R) MKL

Number of machines requested            :    1
Total number of cores available         :    4
Number of physical cores available      :    2
Number of processes requested           :    2
Number of threads per process requested :    1
Total number of cores requested         :    2 (Distributed Memory Parallel)               
MPI Type: INTELMPI
MPI Version: Intel(R) MPI Library 2021.8 for Windows* OS


GPU Acceleration: Not Requested

Job Name: file0
Input File: dummy.dat

  Core                Machine Name   Working Directory
 -----------------------------------------------------
     0             DESKTOP-TJPLFT1   C:\Users\30697\Desktop\DA_ANSYS\_ProjectScratch\Scr4502
     1             DESKTOP-TJPLFT1   C:\Users\30697\Desktop\DA_ANSYS\_ProjectScratch\Scr4502
 
Latency time from master to core     1 =    7.840 microseconds
 
Communication speed from master to core     1 =  4044.51 MB/sec

Total CPU time for main thread                    :        5.0 seconds
Total CPU time summed for all threads             :        5.9 seconds

Elapsed time spent obtaining a license            :        0.3 seconds
Elapsed time spent pre-processing model (/PREP7)  :        0.3 seconds
Elapsed time spent solution - preprocessing       :        0.3 seconds
Elapsed time spent computing solution             :        3.3 seconds
Elapsed time spent solution - postprocessing      :        0.1 seconds
Elapsed time spent post-processing model (/POST1) :        0.0 seconds
 
Equation solver used                              :            Sparse (symmetric)
Equation solver computational rate                :       20.0 Gflops

Sum of disk space used on all processes            :       35.1 MB

Sum of memory used on all processes               :      339.0 MB
Sum of memory allocated on all processes          :     2352.0 MB
Physical memory available                         :         16 GB
Total amount of I/O written to disk               :        0.0 GB
Total amount of I/O read from disk                :        0.0 GB

+------------------ E N D   M A P D L   S T A T I S T I C S -------------------+


 *-----------------------------------------------------------------------------*
 |                                                                             |
 |                               RUN COMPLETED                                 |
 |                                                                             |
 |-----------------------------------------------------------------------------|
 |                                                                             |
 |  Ansys MAPDL 2023 R2         Build 23.2         UP20230531    WINDOWS x64   |
 |                                                                             |
 |-----------------------------------------------------------------------------|
 |                                                                             |
 |  Database Requested(-db)     1024 MB     Scratch Memory Requested   1024 MB |
 |  Max Database Used(Master)     17 MB     Max Scratch Used(Master)    164 MB |
 |  Max Database Used(Workers)     1 MB     Max Scratch Used(Workers)   157 MB |
 |  Sum Database Used(All)        18 MB     Sum Scratch Used(All)       321 MB |
 |                                                                             |
 |-----------------------------------------------------------------------------|
 |                                                                             |
 |        CP Time      (sec) =          5.906       Time  =  01:43:55          |
 |        Elapsed Time (sec) =          7.000       Date  =  11/29/2023        |
 |                                                                             |
 *-----------------------------------------------------------------------------*
